0 info it worked if it ends with ok
1 verbose cli [ '/usr/bin/node',
1 verbose cli   '/usr/bin/npm',
1 verbose cli   'install',
1 verbose cli   '-g',
1 verbose cli   'generator-angular-fullstack' ]
2 info using npm@1.4.28
3 info using node@v0.10.33
4 verbose node symlink /usr/bin/node
5 verbose cache add [ 'generator-angular-fullstack', null ]
6 verbose cache add name=undefined spec="generator-angular-fullstack" args=["generator-angular-fullstack",null]
7 verbose parsed url { protocol: null,
7 verbose parsed url   slashes: null,
7 verbose parsed url   auth: null,
7 verbose parsed url   host: null,
7 verbose parsed url   port: null,
7 verbose parsed url   hostname: null,
7 verbose parsed url   hash: null,
7 verbose parsed url   search: null,
7 verbose parsed url   query: null,
7 verbose parsed url   pathname: 'generator-angular-fullstack',
7 verbose parsed url   path: 'generator-angular-fullstack',
7 verbose parsed url   href: 'generator-angular-fullstack' }
8 silly lockFile 41fe2745-generator-angular-fullstack generator-angular-fullstack
9 verbose lock generator-angular-fullstack /home/orclev/.npm/41fe2745-generator-angular-fullstack.lock
10 silly lockFile 41fe2745-generator-angular-fullstack generator-angular-fullstack
11 silly lockFile 41fe2745-generator-angular-fullstack generator-angular-fullstack
12 verbose addNamed [ 'generator-angular-fullstack', '' ]
13 verbose addNamed [ null, '*' ]
14 silly lockFile 8bc0e010-generator-angular-fullstack generator-angular-fullstack@
15 verbose lock generator-angular-fullstack@ /home/orclev/.npm/8bc0e010-generator-angular-fullstack.lock
16 silly addNameRange { name: 'generator-angular-fullstack',
16 silly addNameRange   range: '*',
16 silly addNameRange   hasData: false }
17 verbose request where is /generator-angular-fullstack
18 verbose request registry https://registry.npmjs.org/
19 verbose request id 31f08c97f59dd58c
20 verbose url raw /generator-angular-fullstack
21 verbose url resolving [ 'https://registry.npmjs.org/',
21 verbose url resolving   './generator-angular-fullstack' ]
22 verbose url resolved https://registry.npmjs.org/generator-angular-fullstack
23 verbose request where is https://registry.npmjs.org/generator-angular-fullstack
24 info trying registry request attempt 1 at 20:10:06
25 http GET https://registry.npmjs.org/generator-angular-fullstack
26 http 200 https://registry.npmjs.org/generator-angular-fullstack
27 silly registry.get cb [ 200,
27 silly registry.get   { date: 'Fri, 13 Feb 2015 01:10:07 GMT',
27 silly registry.get     server: 'CouchDB/1.5.0 (Erlang OTP/R16B03)',
27 silly registry.get     etag: '"AJUWIQO9VS63YTXIZ99VY7XGJ"',
27 silly registry.get     'content-type': 'application/json',
27 silly registry.get     'cache-control': 'max-age=60',
27 silly registry.get     'content-length': '81079',
27 silly registry.get     'accept-ranges': 'bytes',
27 silly registry.get     via: '1.1 varnish',
27 silly registry.get     age: '0',
27 silly registry.get     'x-served-by': 'cache-jfk1034-JFK',
27 silly registry.get     'x-cache': 'MISS',
27 silly registry.get     'x-cache-hits': '0',
27 silly registry.get     'x-timer': 'S1423789806.476022,VS0,VE593',
27 silly registry.get     vary: 'Accept',
27 silly registry.get     'keep-alive': 'timeout=10, max=50',
27 silly registry.get     connection: 'Keep-Alive' } ]
28 silly addNameRange number 2 { name: 'generator-angular-fullstack',
28 silly addNameRange   range: '*',
28 silly addNameRange   hasData: true }
29 silly addNameRange versions [ 'generator-angular-fullstack',
29 silly addNameRange   [ '0.0.1',
29 silly addNameRange     '0.0.2',
29 silly addNameRange     '0.0.3',
29 silly addNameRange     '0.0.4',
29 silly addNameRange     '0.0.5',
29 silly addNameRange     '0.1.0',
29 silly addNameRange     '0.2.0',
29 silly addNameRange     '1.0.0',
29 silly addNameRange     '1.0.1',
29 silly addNameRange     '1.1.0',
29 silly addNameRange     '1.1.1',
29 silly addNameRange     '1.2.0',
29 silly addNameRange     '1.2.1',
29 silly addNameRange     '1.2.2',
29 silly addNameRange     '1.2.3',
29 silly addNameRange     '1.2.4',
29 silly addNameRange     '1.2.5',
29 silly addNameRange     '1.2.6',
29 silly addNameRange     '1.2.7',
29 silly addNameRange     '1.3.0',
29 silly addNameRange     '1.3.1',
29 silly addNameRange     '1.3.2',
29 silly addNameRange     '1.3.3',
29 silly addNameRange     '1.4.0',
29 silly addNameRange     '1.4.1',
29 silly addNameRange     '1.4.2',
29 silly addNameRange     '1.4.3',
29 silly addNameRange     '2.0.0-rc1',
29 silly addNameRange     '2.0.0',
29 silly addNameRange     '2.0.1',
29 silly addNameRange     '2.0.2',
29 silly addNameRange     '2.0.3',
29 silly addNameRange     '2.0.4',
29 silly addNameRange     '2.0.5',
29 silly addNameRange     '2.0.6',
29 silly addNameRange     '2.0.7',
29 silly addNameRange     '2.0.8',
29 silly addNameRange     '2.0.9',
29 silly addNameRange     '2.0.10',
29 silly addNameRange     '2.0.11',
29 silly addNameRange     '2.0.12',
29 silly addNameRange     '2.0.13' ] ]
30 verbose addNamed [ 'generator-angular-fullstack', '2.0.13' ]
31 verbose addNamed [ '2.0.13', '2.0.13' ]
32 silly lockFile ad937c6d-nerator-angular-fullstack-2-0-13 generator-angular-fullstack@2.0.13
33 verbose lock generator-angular-fullstack@2.0.13 /home/orclev/.npm/ad937c6d-nerator-angular-fullstack-2-0-13.lock
34 silly lockFile 14910ca5-tor-angular-fullstack-2-0-13-tgz https://registry.npmjs.org/generator-angular-fullstack/-/generator-angular-fullstack-2.0.13.tgz
35 verbose lock https://registry.npmjs.org/generator-angular-fullstack/-/generator-angular-fullstack-2.0.13.tgz /home/orclev/.npm/14910ca5-tor-angular-fullstack-2-0-13-tgz.lock
36 verbose addRemoteTarball [ 'https://registry.npmjs.org/generator-angular-fullstack/-/generator-angular-fullstack-2.0.13.tgz',
36 verbose addRemoteTarball   '866333e9ca1e557336342b57b585582f65dd61bb' ]
37 info retry fetch attempt 1 at 20:10:07
38 verbose fetch to= /tmp/npm-4672-5H17DZ92/registry.npmjs.org/generator-angular-fullstack/-/generator-angular-fullstack-2.0.13.tgz
39 http GET https://registry.npmjs.org/generator-angular-fullstack/-/generator-angular-fullstack-2.0.13.tgz
40 http 200 https://registry.npmjs.org/generator-angular-fullstack/-/generator-angular-fullstack-2.0.13.tgz
41 silly lockFile 14910ca5-tor-angular-fullstack-2-0-13-tgz https://registry.npmjs.org/generator-angular-fullstack/-/generator-angular-fullstack-2.0.13.tgz
42 silly lockFile 14910ca5-tor-angular-fullstack-2-0-13-tgz https://registry.npmjs.org/generator-angular-fullstack/-/generator-angular-fullstack-2.0.13.tgz
43 silly lockFile ad937c6d-nerator-angular-fullstack-2-0-13 generator-angular-fullstack@2.0.13
44 silly lockFile ad937c6d-nerator-angular-fullstack-2-0-13 generator-angular-fullstack@2.0.13
45 silly lockFile 8bc0e010-generator-angular-fullstack generator-angular-fullstack@
46 silly lockFile 8bc0e010-generator-angular-fullstack generator-angular-fullstack@
47 silly resolved [ { name: 'generator-angular-fullstack',
47 silly resolved     version: '2.0.13',
47 silly resolved     description: 'Yeoman generator for creating MEAN stack applications, using MongoDB, Express, AngularJS, and Node',
47 silly resolved     keywords:
47 silly resolved      [ 'yeoman-generator',
47 silly resolved        'mean',
47 silly resolved        'mongodb',
47 silly resolved        'angularjs',
47 silly resolved        'express',
47 silly resolved        'scaffold',
47 silly resolved        'fullstack',
47 silly resolved        'framework',
47 silly resolved        'component',
47 silly resolved        'front-end',
47 silly resolved        'app' ],
47 silly resolved     homepage: 'https://github.com/DaftMonk/generator-angular-fullstack',
47 silly resolved     bugs: { url: 'https://github.com/DaftMonk/generator-angular-fullstack/issues' },
47 silly resolved     author: { name: 'Tyler Henkel' },
47 silly resolved     repository:
47 silly resolved      { type: 'git',
47 silly resolved        url: 'git://github.com/DaftMonk/generator-angular-fullstack.git' },
47 silly resolved     scripts: { test: 'grunt test' },
47 silly resolved     dependencies:
47 silly resolved      { 'yeoman-generator': '~0.17.0',
47 silly resolved        chalk: '~0.4.0',
47 silly resolved        wiredep: '~0.4.2',
47 silly resolved        'generator-ng-component': '~0.0.4' },
47 silly resolved     peerDependencies: { yo: '>=1.2.0' },
47 silly resolved     devDependencies:
47 silly resolved      { chai: '^1.9.1',
47 silly resolved        'fs-extra': '^0.9.1',
47 silly resolved        grunt: '~0.4.1',
47 silly resolved        'grunt-build-control': 'git://github.com/DaftMonk/grunt-build-control',
47 silly resolved        'grunt-contrib-clean': '^0.6.0',
47 silly resolved        'grunt-contrib-jshint': '^0.10.0',
47 silly resolved        'grunt-conventional-changelog': '~1.0.0',
47 silly resolved        'grunt-mocha-test': '^0.11.0',
47 silly resolved        'grunt-release': '~0.6.0',
47 silly resolved        'load-grunt-tasks': '~0.2.0',
47 silly resolved        marked: '~0.2.8',
47 silly resolved        mocha: '~1.21.0',
47 silly resolved        q: '^1.0.1',
47 silly resolved        semver: '~2.2.1',
47 silly resolved        shelljs: '^0.3.0',
47 silly resolved        'underscore.string': '^2.3.3' },
47 silly resolved     engines: { node: '>=0.10.0', npm: '>=1.2.10' },
47 silly resolved     licenses: [ [Object] ],
47 silly resolved     _id: 'generator-angular-fullstack@2.0.13',
47 silly resolved     _shasum: '866333e9ca1e557336342b57b585582f65dd61bb',
47 silly resolved     _from: 'generator-angular-fullstack@',
47 silly resolved     _npmVersion: '1.4.10',
47 silly resolved     _npmUser: { name: 'daftmonk', email: 'tylerhenkel@hotmail.com' },
47 silly resolved     maintainers: [ [Object] ],
47 silly resolved     dist:
47 silly resolved      { shasum: '866333e9ca1e557336342b57b585582f65dd61bb',
47 silly resolved        tarball: 'http://registry.npmjs.org/generator-angular-fullstack/-/generator-angular-fullstack-2.0.13.tgz' },
47 silly resolved     directories: {},
47 silly resolved     _resolved: 'https://registry.npmjs.org/generator-angular-fullstack/-/generator-angular-fullstack-2.0.13.tgz' } ]
48 info install generator-angular-fullstack@2.0.13 into /usr/lib
49 info installOne generator-angular-fullstack@2.0.13
50 verbose lib/node_modules/generator-angular-fullstack unbuild
51 verbose tar unpack /home/orclev/.npm/generator-angular-fullstack/2.0.13/package.tgz
52 silly lockFile 3d2cec3e-ules-generator-angular-fullstack tar:///usr/lib/node_modules/generator-angular-fullstack
53 verbose lock tar:///usr/lib/node_modules/generator-angular-fullstack /home/orclev/.npm/3d2cec3e-ules-generator-angular-fullstack.lock
54 silly lockFile 5a896084-lar-fullstack-2-0-13-package-tgz tar:///home/orclev/.npm/generator-angular-fullstack/2.0.13/package.tgz
55 verbose lock tar:///home/orclev/.npm/generator-angular-fullstack/2.0.13/package.tgz /home/orclev/.npm/5a896084-lar-fullstack-2-0-13-package-tgz.lock
56 silly gunzTarPerm modes [ '775', '664' ]
57 error Error: EACCES, mkdir '/usr/lib/node_modules/generator-angular-fullstack'
57 error  { [Error: EACCES, mkdir '/usr/lib/node_modules/generator-angular-fullstack']
57 error   errno: 3,
57 error   code: 'EACCES',
57 error   path: '/usr/lib/node_modules/generator-angular-fullstack',
57 error   fstream_type: 'Directory',
57 error   fstream_path: '/usr/lib/node_modules/generator-angular-fullstack',
57 error   fstream_class: 'DirWriter',
57 error   fstream_stack:
57 error    [ '/usr/lib/node_modules/npm/node_modules/fstream/lib/dir-writer.js:36:23',
57 error      '/usr/lib/node_modules/npm/node_modules/mkdirp/index.js:46:53',
57 error      'Object.oncomplete (fs.js:107:15)' ] }
58 error Please try running this command again as root/Administrator.
59 error System Linux 3.13.0-40-generic
60 error command "/usr/bin/node" "/usr/bin/npm" "install" "-g" "generator-angular-fullstack"
61 error cwd /home/orclev/sites/mogger/mogger-base
62 error node -v v0.10.33
63 error npm -v 1.4.28
64 error path /usr/lib/node_modules/generator-angular-fullstack
65 error fstream_path /usr/lib/node_modules/generator-angular-fullstack
66 error fstream_type Directory
67 error fstream_class DirWriter
68 error code EACCES
69 error errno 3
70 error stack Error: EACCES, mkdir '/usr/lib/node_modules/generator-angular-fullstack'
71 error fstream_stack /usr/lib/node_modules/npm/node_modules/fstream/lib/dir-writer.js:36:23
71 error fstream_stack /usr/lib/node_modules/npm/node_modules/mkdirp/index.js:46:53
71 error fstream_stack Object.oncomplete (fs.js:107:15)
72 verbose exit [ 3, true ]
